[0.011s] Invoking command in '/home/mahek/path/build/path': CMAKE_PREFIX_PATH=${CMAKE_PREFIX_PATH}:/home/mahek/ros2_ws/install/my_robot_controller:/opt/ros/humble /usr/bin/cmake --build /home/mahek/path/build/path -- -j12 -l12
[0.098s] [35m[1mConsolidate compiler generated dependencies of target a_star_planner[0m
[0.119s] [ 50%] [32mBuilding CXX object CMakeFiles/a_star_planner.dir/src/a_star_planner.cpp.o[0m
[1.676s] [01m[K/home/mahek/path/src/path/src/a_star_planner.cpp:132:8:[m[K [01;31m[Kerror: [m[Kâ€˜[01m[Kfloat Astarplanner::heuristic(int, int, int, int)[m[Kâ€™ cannot be overloaded with â€˜[01m[Kfloat Astarplanner::heuristic(int, int, int, int)[m[Kâ€™
[1.677s]   132 |  float [01;31m[Kheuristic[m[K(int x1, int y1, int x2, int y2) {
[1.677s]       |        [01;31m[K^~~~~~~~~[m[K
[1.677s] [01m[K/home/mahek/path/src/path/src/a_star_planner.cpp:101:7:[m[K [01;36m[Knote: [m[Kprevious declaration â€˜[01m[Kfloat Astarplanner::heuristic(int, int, int, int)[m[Kâ€™
[1.677s]   101 | float [01;36m[Kheuristic[m[K(int x1, int y1, int x2,int y2){
[1.677s]       |       [01;36m[K^~~~~~~~~[m[K
[1.697s] [01m[K/home/mahek/path/src/path/src/a_star_planner.cpp:[m[K In member function â€˜[01m[Kvoid Astarplanner::startcallback(geometry_msgs::msg::PointStamped_<std::allocator<void> >::SharedPtr)[m[Kâ€™:
[1.697s] [01m[K/home/mahek/path/src/path/src/a_star_planner.cpp:83:34:[m[K [01;35m[Kwarning: [m[Kcomparison of integer expressions of different signedness: â€˜[01m[Kint[m[Kâ€™ and â€˜[01m[Knav_msgs::msg::MapMetaData_<std::allocator<void> >::_width_type[m[Kâ€™ {aka â€˜[01m[Kunsigned int[m[Kâ€™} [[01;35m[K]8;;https://gcc.gnu.org/onlinedocs/gcc/Warning-Options.html#index-Wsign-compare-Wsign-compare]8;;[m[K]
[1.697s]    83 |     if (start_x_ < 0 || [01;35m[Kstart_x_ >= map_->info.width[m[K ||
[1.698s]       |                         [01;35m[K~~~~~~~~~^~~~~~~~~~~~~~~~~~~[m[K
[1.698s] [01m[K/home/mahek/path/src/path/src/a_star_planner.cpp:84:34:[m[K [01;35m[Kwarning: [m[Kcomparison of integer expressions of different signedness: â€˜[01m[Kint[m[Kâ€™ and â€˜[01m[Knav_msgs::msg::MapMetaData_<std::allocator<void> >::_height_type[m[Kâ€™ {aka â€˜[01m[Kunsigned int[m[Kâ€™} [[01;35m[K]8;;https://gcc.gnu.org/onlinedocs/gcc/Warning-Options.html#index-Wsign-compare-Wsign-compare]8;;[m[K]
[1.698s]    84 |         start_y_ < 0 || [01;35m[Kstart_y_ >= map_->info.height[m[K) {
[1.698s]       |                         [01;35m[K~~~~~~~~~^~~~~~~~~~~~~~~~~~~~[m[K
[1.699s] [01m[K/home/mahek/path/src/path/src/a_star_planner.cpp:[m[K In member function â€˜[01m[Kvoid Astarplanner::goalcallback(geometry_msgs::msg::PointStamped_<std::allocator<void> >::SharedPtr)[m[Kâ€™:
[1.699s] [01m[K/home/mahek/path/src/path/src/a_star_planner.cpp:116:32:[m[K [01;35m[Kwarning: [m[Kcomparison of integer expressions of different signedness: â€˜[01m[Kint[m[Kâ€™ and â€˜[01m[Knav_msgs::msg::MapMetaData_<std::allocator<void> >::_width_type[m[Kâ€™ {aka â€˜[01m[Kunsigned int[m[Kâ€™} [[01;35m[K]8;;https://gcc.gnu.org/onlinedocs/gcc/Warning-Options.html#index-Wsign-compare-Wsign-compare]8;;[m[K]
[1.699s]   116 |     if (goal_x_ < 0 || [01;35m[Kgoal_x_ >= map_->info.width[m[K ||
[1.699s]       |                        [01;35m[K~~~~~~~~^~~~~~~~~~~~~~~~~~~[m[K
[1.699s] [01m[K/home/mahek/path/src/path/src/a_star_planner.cpp:117:32:[m[K [01;35m[Kwarning: [m[Kcomparison of integer expressions of different signedness: â€˜[01m[Kint[m[Kâ€™ and â€˜[01m[Knav_msgs::msg::MapMetaData_<std::allocator<void> >::_height_type[m[Kâ€™ {aka â€˜[01m[Kunsigned int[m[Kâ€™} [[01;35m[K]8;;https://gcc.gnu.org/onlinedocs/gcc/Warning-Options.html#index-Wsign-compare-Wsign-compare]8;;[m[K]
[1.699s]   117 |         goal_y_ < 0 || [01;35m[Kgoal_y_ >= map_->info.height[m[K) {
[1.699s]       |                        [01;35m[K~~~~~~~~^~~~~~~~~~~~~~~~~~~~[m[K
[3.934s] gmake[2]: *** [CMakeFiles/a_star_planner.dir/build.make:76: CMakeFiles/a_star_planner.dir/src/a_star_planner.cpp.o] Error 1
[3.934s] gmake[1]: *** [CMakeFiles/Makefile2:137: CMakeFiles/a_star_planner.dir/all] Error 2
[3.934s] gmake: *** [Makefile:146: all] Error 2
[3.937s] Invoked command in '/home/mahek/path/build/path' returned '2': CMAKE_PREFIX_PATH=${CMAKE_PREFIX_PATH}:/home/mahek/ros2_ws/install/my_robot_controller:/opt/ros/humble /usr/bin/cmake --build /home/mahek/path/build/path -- -j12 -l12
